<?xml version="1.0" encoding="UTF-8"?>
<testsuite xmlns:xsi="http://www.w3.org/2001/XMLSchema-instance" xsi:noNamespaceSchemaLocation="https://maven.apache.org/surefire/maven-surefire-plugin/xsd/surefire-test-report.xsd" name="VendingMachineTest" time="0.001" tests="12" errors="0" skipped="0" failures="0">
  <properties>
[...]
</properties>
  <testcase name="isVMisLoaded" classname="VendingMachineTest" time="0"/>
  <testcase name="testAdd" classname="VendingMachineTest" time="0"/>
  <testcase name="testPut" classname="VendingMachineTest" time="0"/>
  <testcase name="testGetItemByName" classname="VendingMachineTest" time="0"/>
  <testcase name="testClearInventory" classname="VendingMachineTest" time="0"/>
  <testcase name="testHasItemByName" classname="VendingMachineTest" time="0"/>
  <testcase name="testGetQuantity" classname="VendingMachineTest" time="0"/>
  <testcase name="testInsertCoin" classname="VendingMachineTest" time="0"/>
  <testcase name="testCollectItemAndChange" classname="VendingMachineTest" time="0"/>
  <testcase name="testDeduct" classname="VendingMachineTest" time="0"/>
  <testcase name="testSelectItemAndGetPrice" classname="VendingMachineTest" time="0"/>
  <testcase name="testRefund" classname="VendingMachineTest" time="0"/>
</testsuite>